<?xml version="1.0" encoding="UTF-8"?>
<!-- Generated by org.testng.reporters.JUnitXMLReporter -->
<testsuite ignored="0" hostname="rekha" failures="0" tests="5" name="Default test" time="6.113" errors="0" timestamp="2024-02-16T00:26:58 IST">
  <testcase classname="Testcases.saudeTestcases" name="initialsteps" time="3.356"/>
  <testcase classname="Testcases.saudeTestcases" name="login" time="0.387"/>
  <testcase classname="Testcases.saudeTestcases" name="shop" time="1.641"/>
  <testcase classname="Testcases.saudeTestcases" name="bkhm" time="0.236"/>
  <testcase classname="Testcases.saudeTestcases" name="menuclik" time="0.225"/>
</testsuite> <!-- Default test -->
